  main.cpp
D:\dev\GKOM\GKOM\gl_05\ObjectSet.h(22,78): warning C4244: 'argument': conversion from 'double' to 'GLfloat', possible loss of data
D:\dev\GKOM\GKOM\gl_05\ObjectSet.h(45,65): warning C4244: 'argument': conversion from 'double' to 'GLfloat', possible loss of data
D:\dev\GKOM\GKOM\gl_05\ObjectSet.h(45,52): warning C4244: 'argument': conversion from 'double' to 'GLfloat', possible loss of data
D:\dev\GKOM\GKOM\gl_05\ObjectSet.h(46,82): warning C4244: 'argument': conversion from 'double' to 'GLfloat', possible loss of data
D:\dev\GKOM\GKOM\gl_05\main.cpp(109,25): warning C4244: 'initializing': conversion from 'double' to 'GLfloat', possible loss of data
D:\dev\GKOM\GKOM\gl_05\main.cpp(190,11): warning C4244: '=': conversion from 'double' to 'GLfloat', possible loss of data
D:\dev\GKOM\GKOM\gl_05\main.cpp(191,11): warning C4244: '=': conversion from 'double' to 'GLfloat', possible loss of data
D:\dev\GKOM\GKOM\gl_05\main.cpp(195,18): warning C4244: 'initializing': conversion from 'double' to 'GLfloat', possible loss of data
D:\dev\GKOM\GKOM\gl_05\main.cpp(196,18): warning C4244: 'initializing': conversion from 'double' to 'GLfloat', possible loss of data
D:\dev\GKOM\GKOM\gl_05\main.cpp(198,10): warning C4244: '=': conversion from 'double' to 'GLfloat', possible loss of data
D:\dev\GKOM\GKOM\gl_05\main.cpp(199,10): warning C4244: '=': conversion from 'double' to 'GLfloat', possible loss of data
D:\dev\GKOM\GKOM\gl_05\main.cpp(206,28): warning C4244: 'argument': conversion from 'double' to 'GLfloat', possible loss of data
D:\dev\GKOM\GKOM\gl_05\MeshController.h(20): warning C4715: 'MeshController::getVerticesArray': not all control paths return a value
D:\dev\GKOM\GKOM\gl_05\MeshController.h(27): warning C4715: 'MeshController::getIndicesArray': not all control paths return a value
D:\dev\GKOM\GKOM\gl_05\HardMeshCont.h(37): warning C4715: 'HardMeshCont::getIndicesArray': not all control paths return a value
D:\dev\GKOM\GKOM\gl_05\HardMeshCont.h(28): warning C4715: 'HardMeshCont::getVerticesArray': not all control paths return a value
  Generating code
  Finished generating code
  gl_05.vcxproj -> D:\dev\GKOM\GKOM\Debug\gl_05.exe
